Traceback (most recent call last):
  File "/opt/hostedtoolcache/Python/3.7.12/x64/lib/python3.7/site-packages/jupyter_cache/executors/utils.py", line 56, in single_nb_execution
    record_timing=False,
  File "/opt/hostedtoolcache/Python/3.7.12/x64/lib/python3.7/site-packages/nbclient/client.py", line 1117, in execute
    return NotebookClient(nb=nb, resources=resources, km=km, **kwargs).execute()
  File "/opt/hostedtoolcache/Python/3.7.12/x64/lib/python3.7/site-packages/nbclient/util.py", line 78, in wrapped
    return just_run(coro(*args, **kwargs))
  File "/opt/hostedtoolcache/Python/3.7.12/x64/lib/python3.7/site-packages/nbclient/util.py", line 57, in just_run
    return loop.run_until_complete(coro)
  File "/opt/hostedtoolcache/Python/3.7.12/x64/lib/python3.7/asyncio/base_events.py", line 587, in run_until_complete
    return future.result()
  File "/opt/hostedtoolcache/Python/3.7.12/x64/lib/python3.7/site-packages/nbclient/client.py", line 559, in async_execute
    cell, index, execution_count=self.code_cells_executed + 1
  File "/opt/hostedtoolcache/Python/3.7.12/x64/lib/python3.7/site-packages/nbclient/client.py", line 862, in async_execute_cell
    self._check_raise_for_error(cell, exec_reply)
  File "/opt/hostedtoolcache/Python/3.7.12/x64/lib/python3.7/site-packages/nbclient/client.py", line 765, in _check_raise_for_error
    raise CellExecutionError.from_cell_and_msg(cell, exec_reply_content)
nbclient.exceptions.CellExecutionError: An error occurred while executing the following cell:
------------------
quartis = tempos_de_vida.quantile([.25, .5, .75])
display(Markdown(f'c. Quartis são:'))
display(Markdown(quartis.to_markdown(headers=["Quartil", "Tempo de Vida (hr)"])))
------------------

[0;31m---------------------------------------------------------------------------[0m
[0;31mImportError[0m                               Traceback (most recent call last)
[0;32m/tmp/ipykernel_1759/1709441421.py[0m in [0;36m<module>[0;34m[0m
[1;32m      1[0m [0mquartis[0m [0;34m=[0m [0mtempos_de_vida[0m[0;34m.[0m[0mquantile[0m[0;34m([0m[0;34m[[0m[0;36m.25[0m[0;34m,[0m [0;36m.5[0m[0;34m,[0m [0;36m.75[0m[0;34m][0m[0;34m)[0m[0;34m[0m[0;34m[0m[0m
[1;32m      2[0m [0mdisplay[0m[0;34m([0m[0mMarkdown[0m[0;34m([0m[0;34mf'c. Quartis são:'[0m[0;34m)[0m[0;34m)[0m[0;34m[0m[0;34m[0m[0m
[0;32m----> 3[0;31m [0mdisplay[0m[0;34m([0m[0mMarkdown[0m[0;34m([0m[0mquartis[0m[0;34m.[0m[0mto_markdown[0m[0;34m([0m[0mheaders[0m[0;34m=[0m[0;34m[[0m[0;34m"Quartil"[0m[0;34m,[0m [0;34m"Tempo de Vida (hr)"[0m[0;34m][0m[0;34m)[0m[0;34m)[0m[0;34m)[0m[0;34m[0m[0;34m[0m[0m
[0m
[0;32m/opt/hostedtoolcache/Python/3.7.12/x64/lib/python3.7/site-packages/pandas/core/series.py[0m in [0;36mto_markdown[0;34m(self, buf, mode, index, storage_options, **kwargs)[0m
[1;32m   1635[0m         """
[1;32m   1636[0m         return self.to_frame().to_markdown(
[0;32m-> 1637[0;31m             [0mbuf[0m[0;34m,[0m [0mmode[0m[0;34m,[0m [0mindex[0m[0;34m,[0m [0mstorage_options[0m[0;34m=[0m[0mstorage_options[0m[0;34m,[0m [0;34m**[0m[0mkwargs[0m[0;34m[0m[0;34m[0m[0m
[0m[1;32m   1638[0m         )
[1;32m   1639[0m [0;34m[0m[0m

[0;32m/opt/hostedtoolcache/Python/3.7.12/x64/lib/python3.7/site-packages/pandas/core/frame.py[0m in [0;36mto_markdown[0;34m(self, buf, mode, index, storage_options, **kwargs)[0m
[1;32m   2565[0m         [0mkwargs[0m[0;34m.[0m[0msetdefault[0m[0;34m([0m[0;34m"tablefmt"[0m[0;34m,[0m [0;34m"pipe"[0m[0;34m)[0m[0;34m[0m[0;34m[0m[0m
[1;32m   2566[0m         [0mkwargs[0m[0;34m.[0m[0msetdefault[0m[0;34m([0m[0;34m"showindex"[0m[0;34m,[0m [0mindex[0m[0;34m)[0m[0;34m[0m[0;34m[0m[0m
[0;32m-> 2567[0;31m         [0mtabulate[0m [0;34m=[0m [0mimport_optional_dependency[0m[0;34m([0m[0;34m"tabulate"[0m[0;34m)[0m[0;34m[0m[0;34m[0m[0m
[0m[1;32m   2568[0m         [0mresult[0m [0;34m=[0m [0mtabulate[0m[0;34m.[0m[0mtabulate[0m[0;34m([0m[0mself[0m[0;34m,[0m [0;34m**[0m[0mkwargs[0m[0;34m)[0m[0;34m[0m[0;34m[0m[0m
[1;32m   2569[0m         [0;32mif[0m [0mbuf[0m [0;32mis[0m [0;32mNone[0m[0;34m:[0m[0;34m[0m[0;34m[0m[0m

[0;32m/opt/hostedtoolcache/Python/3.7.12/x64/lib/python3.7/site-packages/pandas/compat/_optional.py[0m in [0;36mimport_optional_dependency[0;34m(name, extra, errors, min_version)[0m
[1;32m    116[0m     [0;32mexcept[0m [0mImportError[0m[0;34m:[0m[0;34m[0m[0;34m[0m[0m
[1;32m    117[0m         [0;32mif[0m [0merrors[0m [0;34m==[0m [0;34m"raise"[0m[0;34m:[0m[0;34m[0m[0;34m[0m[0m
[0;32m--> 118[0;31m             [0;32mraise[0m [0mImportError[0m[0;34m([0m[0mmsg[0m[0;34m)[0m [0;32mfrom[0m [0;32mNone[0m[0;34m[0m[0;34m[0m[0m
[0m[1;32m    119[0m         [0;32melse[0m[0;34m:[0m[0;34m[0m[0;34m[0m[0m
[1;32m    120[0m             [0;32mreturn[0m [0;32mNone[0m[0;34m[0m[0;34m[0m[0m

[0;31mImportError[0m: Missing optional dependency 'tabulate'.  Use pip or conda to install tabulate.
ImportError: Missing optional dependency 'tabulate'.  Use pip or conda to install tabulate.

