Traceback (most recent call last):
  File "/opt/hostedtoolcache/Python/3.10.2/x64/lib/python3.10/site-packages/jupyter_cache/executors/utils.py", line 51, in single_nb_execution
    executenb(
  File "/opt/hostedtoolcache/Python/3.10.2/x64/lib/python3.10/site-packages/nbclient/client.py", line 1204, in execute
    return NotebookClient(nb=nb, resources=resources, km=km, **kwargs).execute()
  File "/opt/hostedtoolcache/Python/3.10.2/x64/lib/python3.10/site-packages/nbclient/util.py", line 84, in wrapped
    return just_run(coro(*args, **kwargs))
  File "/opt/hostedtoolcache/Python/3.10.2/x64/lib/python3.10/site-packages/nbclient/util.py", line 62, in just_run
    return loop.run_until_complete(coro)
  File "/opt/hostedtoolcache/Python/3.10.2/x64/lib/python3.10/asyncio/base_events.py", line 641, in run_until_complete
    return future.result()
  File "/opt/hostedtoolcache/Python/3.10.2/x64/lib/python3.10/site-packages/nbclient/client.py", line 663, in async_execute
    await self.async_execute_cell(
  File "/opt/hostedtoolcache/Python/3.10.2/x64/lib/python3.10/site-packages/nbclient/client.py", line 965, in async_execute_cell
    await self._check_raise_for_error(cell, cell_index, exec_reply)
  File "/opt/hostedtoolcache/Python/3.10.2/x64/lib/python3.10/site-packages/nbclient/client.py", line 862, in _check_raise_for_error
    raise CellExecutionError.from_cell_and_msg(cell, exec_reply_content)
nbclient.exceptions.CellExecutionError: An error occurred while executing the following cell:
------------------
import warnings
warnings.filterwarnings('ignore')

import numpy as np
import pandas as pd
import plotly.express as px
from sklearn.datasets import load_boston
from plotly.subplots import make_subplots

# carrega o dataset e cria o dataframe
boston_dataset = load_boston()
colunas = boston_dataset.feature_names

#seleciona colunas
var_resposta = 'MEDV'
var_categorica_cor = 'CHAS'
var_quantitativas = [v for v in colunas if v not in [var_resposta, var_categorica_cor]]

#cria dataframe
boston_housing = pd.DataFrame(boston_dataset.data, columns=colunas)
boston_housing[var_resposta] = boston_dataset.target
boston_housing['CHAS'] = boston_housing['CHAS'].astype(int).astype('category')

# cria painel 12x1
painel = make_subplots(rows=len(var_quantitativas),
                       cols=1,
                       print_grid=False,
                       shared_xaxes=True,
                       vertical_spacing=.005,
                       x_title='Variável Resposta - MEDV')

# para cada var quantitativa, cria gráfico e adiciona ao painel
for i, variavel in enumerate(var_quantitativas):
    grafico = px.scatter(boston_housing, x=var_resposta, y=variavel, color=var_categorica_cor, marginal_y='box', trendline='ols')
    tracos = [grafico['data'][dimensao] for dimensao in range(len(grafico['data']))]
    [painel.append_trace(traco, row=i+1, col=1) for traco in tracos]
    painel.update_layout(**{f'yaxis{i+1}':dict(title=variavel)})

# arruma aparência do painel
painel.update_layout(height=1900,
                     width=1000,
                     title_text="Boston Housing Dataset",
                     legend=dict(title_text="CHAS", itemsizing='constant', orientation="h", yanchor="bottom", y=1, xanchor="right", x=1))
painel.update_traces(marker={'size': 3})
names = set()
painel.for_each_trace(
    lambda trace:
        trace.update(showlegend=False)
        if (trace.name in names) else names.add(trace.name))

# mostra painel
painel.show()
------------------

[0;31m---------------------------------------------------------------------------[0m
[0;31mModuleNotFoundError[0m                       Traceback (most recent call last)
Input [0;32mIn [1][0m, in [0;36m<cell line: 6>[0;34m()[0m
[1;32m      4[0m [38;5;28;01mimport[39;00m [38;5;21;01mnumpy[39;00m [38;5;28;01mas[39;00m [38;5;21;01mnp[39;00m
[1;32m      5[0m [38;5;28;01mimport[39;00m [38;5;21;01mpandas[39;00m [38;5;28;01mas[39;00m [38;5;21;01mpd[39;00m
[0;32m----> 6[0m [38;5;28;01mimport[39;00m [38;5;21;01mplotly[39;00m[38;5;21;01m.[39;00m[38;5;21;01mexpress[39;00m [38;5;28;01mas[39;00m [38;5;21;01mpx[39;00m
[1;32m      7[0m [38;5;28;01mfrom[39;00m [38;5;21;01msklearn[39;00m[38;5;21;01m.[39;00m[38;5;21;01mdatasets[39;00m [38;5;28;01mimport[39;00m load_boston
[1;32m      8[0m [38;5;28;01mfrom[39;00m [38;5;21;01mplotly[39;00m[38;5;21;01m.[39;00m[38;5;21;01msubplots[39;00m [38;5;28;01mimport[39;00m make_subplots

[0;31mModuleNotFoundError[0m: No module named 'plotly'
ModuleNotFoundError: No module named 'plotly'

